<?xml version="1.0" encoding="UTF-8"?>
<testng-results skipped="0" failed="0" ignored="0" total="1" passed="1">
  <reporter-output>
  </reporter-output>
  <suite name="Suite One" duration-ms="10274" started-at="2018-11-05T04:00:05Z" finished-at="2018-11-05T04:00:15Z">
    <groups>
    </groups>
    <test name="Test One" duration-ms="10274" started-at="2018-11-05T04:00:05Z" finished-at="2018-11-05T04:00:15Z">
      <class name="TestProject_mvn_git.TestProject_Mvn_Git.openFirefox">
        <test-method status="PASS" signature="openbrowser()[pri:0, instance:TestProject_mvn_git.TestProject_Mvn_Git.openFirefox@59f99ea]" name="openbrowser" is-config="true" duration-ms="9043" started-at="2018-11-05T04:00:05Z" finished-at="2018-11-05T04:00:14Z">
          <reporter-output>
          </reporter-output>
        </test-method> <!-- openbrowser -->
        <test-method status="PASS" signature="testmethodone()[pri:0, instance:TestProject_mvn_git.TestProject_Mvn_Git.openFirefox@59f99ea]" name="testmethodone" duration-ms="14" started-at="2018-11-05T04:00:14Z" finished-at="2018-11-05T04:00:14Z">
          <reporter-output>
          </reporter-output>
        </test-method> <!-- testmethodone -->
        <test-method status="PASS" signature="closebrowser()[pri:0, instance:TestProject_mvn_git.TestProject_Mvn_Git.openFirefox@59f99ea]" name="closebrowser" is-config="true" duration-ms="1173" started-at="2018-11-05T04:00:14Z" finished-at="2018-11-05T04:00:15Z">
          <reporter-output>
          </reporter-output>
        </test-method> <!-- closebrowser -->
      </class> <!-- TestProject_mvn_git.TestProject_Mvn_Git.openFirefox -->
    </test> <!-- Test One -->
  </suite> <!-- Suite One -->
</testng-results>
